<?xml version="1.0" encoding="UTF-8"?>
<!-- Generated by org.testng.reporters.JUnitXMLReporter -->
<testsuite ignored="0" hostname="LTIN521053" failures="1" tests="1" name="Test" time="40.815" errors="0" timestamp="2024-04-03T16:41:28 IST">
  <testcase classname="testCase.TC_005_HealthInsurance" name="health_insurance" time="3.154">
    <failure type="java.lang.AssertionError" message="expected [true] but found [false]">
      <![CDATA[java.lang.AssertionError: expected [true] but found [false]
at testCase.TC_005_HealthInsurance.health_insurance(TC_005_HealthInsurance.java:36)
at java.base/java.util.ArrayList.forEach(ArrayList.java:1511)
... Removed 34 stack frames]]>
    </failure>
  </testcase> <!-- health_insurance -->
</testsuite> <!-- Test -->
