<?xml version="1.0" encoding="UTF-8"?>
<testng-results ignored="0" total="1" passed="1" failed="0" skipped="0">
  <reporter-output>
  </reporter-output>
  <suite started-at="2024-04-04T16:53:55 IST" name="Suite" finished-at="2024-04-04T16:54:14 IST" duration-ms="18704">
    <groups>
    </groups>
    <test started-at="2024-04-04T16:53:55 IST" name="Test" finished-at="2024-04-04T16:54:14 IST" duration-ms="18704">
      <class name="testCase.TC_017_CarHomePage">
        <test-method is-config="true" signature="setUp(java.lang.String)[pri:0, instance:testCase.TC_017_CarHomePage@16eb3ea3]" started-at="2024-04-04T16:53:55 IST" name="setUp" finished-at="2024-04-04T16:54:05 IST" duration-ms="9501" status="PASS">
          <params>
            <param index="0">
              <value>
                <![CDATA[chrome]]>
              </value>
            </param>
          </params>
          <reporter-output>
          </reporter-output>
        </test-method> <!-- setUp -->
        <test-method signature="CarHome()[pri:0, instance:testCase.TC_017_CarHomePage@16eb3ea3]" started-at="2024-04-04T16:54:05 IST" name="CarHome" finished-at="2024-04-04T16:54:14 IST" duration-ms="9124" status="PASS">
          <reporter-output>
          </reporter-output>
        </test-method> <!-- CarHome -->
        <test-method is-config="true" signature="tearDown()[pri:0, instance:testCase.TC_017_CarHomePage@16eb3ea3]" started-at="2024-04-04T16:54:14 IST" name="tearDown" finished-at="2024-04-04T16:54:14 IST" duration-ms="0" status="PASS">
          <reporter-output>
          </reporter-output>
        </test-method> <!-- tearDown -->
      </class> <!-- testCase.TC_017_CarHomePage -->
    </test> <!-- Test -->
  </suite> <!-- Suite -->
</testng-results>
